<?xml version="1.0" encoding="UTF-8"?>
<testng-results ignored="0" total="1" passed="1" failed="0" skipped="0">
  <reporter-output>
  </reporter-output>
  <suite started-at="2024-06-05T16:02:11 CDT" name="Default suite" finished-at="2024-06-05T16:02:26 CDT" duration-ms="14912">
    <groups>
    </groups>
    <test started-at="2024-06-05T16:02:11 CDT" name="Default test" finished-at="2024-06-05T16:02:26 CDT" duration-ms="14912">
      <class name="test.LoginTest">
        <test-method signature="validUSerShouldBeAbleToLoginIn()[pri:0, instance:test.LoginTest@27462a88]" started-at="2024-06-05T16:02:11 CDT" name="validUSerShouldBeAbleToLoginIn" finished-at="2024-06-05T16:02:26 CDT" duration-ms="14851" status="PASS">
          <reporter-output>
          </reporter-output>
        </test-method> <!-- validUSerShouldBeAbleToLoginIn -->
      </class> <!-- test.LoginTest -->
    </test> <!-- Default test -->
  </suite> <!-- Default suite -->
</testng-results>
